0 info it worked if it ends with ok
1 verbose cli [ 'C:\\Program Files\\nodejs\\\\node.exe',
1 verbose cli   'C:\\Program Files\\nodejs\\node_modules\\npm\\bin\\npm-cli.js',
1 verbose cli   'install',
1 verbose cli   'TweenMax' ]
2 info using npm@1.3.24
3 info using node@v0.10.25
4 verbose node symlink C:\Program Files\nodejs\\node.exe
5 warn package.json DB-PILGRIM@0.0.0 No description
6 warn package.json DB-PILGRIM@0.0.0 No repository field.
7 warn package.json DB-PILGRIM@0.0.0 No README data
8 warn package.json angular-animate@1.2.16 No repository field.
9 verbose readDependencies using package.json deps
10 verbose cache add [ 'TweenMax', null ]
11 verbose cache add name=undefined spec="TweenMax" args=["TweenMax",null]
12 verbose parsed url { protocol: null,
12 verbose parsed url   slashes: null,
12 verbose parsed url   auth: null,
12 verbose parsed url   host: null,
12 verbose parsed url   port: null,
12 verbose parsed url   hostname: null,
12 verbose parsed url   hash: null,
12 verbose parsed url   search: null,
12 verbose parsed url   query: null,
12 verbose parsed url   pathname: 'TweenMax',
12 verbose parsed url   path: 'TweenMax',
12 verbose parsed url   href: 'TweenMax' }
13 silly lockFile cc724f9c-TweenMax TweenMax
14 verbose lock TweenMax C:\Users\chang_000\AppData\Roaming\npm-cache\cc724f9c-TweenMax.lock
15 silly lockFile cc724f9c-TweenMax TweenMax
16 silly lockFile cc724f9c-TweenMax TweenMax
17 verbose addNamed [ 'TweenMax', '' ]
18 verbose addNamed [ null, '*' ]
19 silly lockFile d997439b-TweenMax TweenMax@
20 verbose lock TweenMax@ C:\Users\chang_000\AppData\Roaming\npm-cache\d997439b-TweenMax.lock
21 silly addNameRange { name: 'TweenMax', range: '*', hasData: false }
22 verbose url raw TweenMax
23 verbose url resolving [ 'https://registry.npmjs.org/', './TweenMax' ]
24 verbose url resolved https://registry.npmjs.org/TweenMax
25 info trying registry request attempt 1 at 16:52:34
26 http GET https://registry.npmjs.org/TweenMax
27 http 404 https://registry.npmjs.org/TweenMax
28 silly registry.get cb [ 404,
28 silly registry.get   { date: 'Tue, 15 Jul 2014 20:52:33 GMT',
28 silly registry.get     server: 'CouchDB/1.5.0 (Erlang OTP/R14B04)',
28 silly registry.get     'content-type': 'application/json',
28 silly registry.get     'cache-control': 'max-age=0',
28 silly registry.get     'content-length': '52',
28 silly registry.get     'accept-ranges': 'bytes',
28 silly registry.get     via: '1.1 varnish',
28 silly registry.get     age: '0',
28 silly registry.get     'x-served-by': 'cache-iad2127-IAD',
28 silly registry.get     'x-cache': 'MISS',
28 silly registry.get     'x-cache-hits': '0',
28 silly registry.get     'x-timer': 'S1405457553.223517,VS0,VE103',
28 silly registry.get     'keep-alive': 'timeout=10, max=50',
28 silly registry.get     connection: 'Keep-Alive' } ]
29 silly lockFile d997439b-TweenMax TweenMax@
30 silly lockFile d997439b-TweenMax TweenMax@
31 error 404 'TweenMax' is not in the npm registry.
31 error 404 You should bug the author to publish it
31 error 404 It was specified as a dependency of 'DB-PILGRIM'
31 error 404
31 error 404 Note that you can also install from a
31 error 404 tarball, folder, or http url, or git url.
32 error System Windows_NT 6.2.9200
33 error command "C:\\Program Files\\nodejs\\\\node.exe" "C:\\Program Files\\nodejs\\node_modules\\npm\\bin\\npm-cli.js" "install" "TweenMax"
34 error cwd C:\Users\chang_000\Documents\DB-PILGRIM
35 error node -v v0.10.25
36 error npm -v 1.3.24
37 error code E404
38 verbose exit [ 1, true ]
